2022-10-29 16:24:47,983@connect4_zero.manager INFO # config type: normal
2022-10-29 16:25:01,864@tensorflow DEBUG # Falling back to TensorFlow client; we recommended you install the Cloud TPU client directly with pip install cloud-tpu-client.
2022-10-29 16:25:04,457@h5py._conv DEBUG # Creating converter from 7 to 5
2022-10-29 16:25:04,457@h5py._conv DEBUG # Creating converter from 5 to 7
2022-10-29 16:25:04,461@h5py._conv DEBUG # Creating converter from 7 to 5
2022-10-29 16:25:04,461@h5py._conv DEBUG # Creating converter from 5 to 7
2022-10-29 16:29:48,584@connect4_zero.manager INFO # config type: normal
2022-10-29 16:29:52,342@tensorflow DEBUG # Falling back to TensorFlow client; we recommended you install the Cloud TPU client directly with pip install cloud-tpu-client.
2022-10-29 16:29:53,138@h5py._conv DEBUG # Creating converter from 7 to 5
2022-10-29 16:29:53,138@h5py._conv DEBUG # Creating converter from 5 to 7
2022-10-29 16:29:53,139@h5py._conv DEBUG # Creating converter from 7 to 5
2022-10-29 16:29:53,142@h5py._conv DEBUG # Creating converter from 5 to 7
2022-11-03 14:24:03,285@connect4_zero.manager INFO # config type: normal
2022-11-03 14:24:05,859@tensorflow DEBUG # Falling back to TensorFlow client; we recommended you install the Cloud TPU client directly with pip install cloud-tpu-client.
2022-11-03 14:24:06,628@h5py._conv DEBUG # Creating converter from 7 to 5
2022-11-03 14:24:06,628@h5py._conv DEBUG # Creating converter from 5 to 7
2022-11-03 14:24:06,633@h5py._conv DEBUG # Creating converter from 7 to 5
2022-11-03 14:24:06,633@h5py._conv DEBUG # Creating converter from 5 to 7
2022-11-03 14:24:53,109@connect4_zero.manager INFO # config type: normal
2022-11-03 14:24:55,736@tensorflow DEBUG # Falling back to TensorFlow client; we recommended you install the Cloud TPU client directly with pip install cloud-tpu-client.
2022-11-03 14:24:56,438@h5py._conv DEBUG # Creating converter from 7 to 5
2022-11-03 14:24:56,438@h5py._conv DEBUG # Creating converter from 5 to 7
2022-11-03 14:24:56,439@h5py._conv DEBUG # Creating converter from 7 to 5
2022-11-03 14:24:56,443@h5py._conv DEBUG # Creating converter from 5 to 7
2022-11-03 14:28:01,191@connect4_zero.manager INFO # config type: normal
2022-11-03 14:28:03,857@tensorflow DEBUG # Falling back to TensorFlow client; we recommended you install the Cloud TPU client directly with pip install cloud-tpu-client.
2022-11-03 14:28:04,563@h5py._conv DEBUG # Creating converter from 7 to 5
2022-11-03 14:28:04,563@h5py._conv DEBUG # Creating converter from 5 to 7
2022-11-03 14:28:04,569@h5py._conv DEBUG # Creating converter from 7 to 5
2022-11-03 14:28:04,572@h5py._conv DEBUG # Creating converter from 5 to 7
2022-11-03 14:50:44,945@connect4_zero.manager INFO # config type: normal
2022-11-03 14:50:46,635@tensorflow DEBUG # Falling back to TensorFlow client; we recommended you install the Cloud TPU client directly with pip install cloud-tpu-client.
2022-11-03 14:53:01,238@connect4_zero.manager INFO # config type: normal
2022-11-03 14:53:03,014@tensorflow DEBUG # Falling back to TensorFlow client; we recommended you install the Cloud TPU client directly with pip install cloud-tpu-client.
2022-11-03 14:55:40,421@connect4_zero.manager INFO # config type: normal
2022-11-03 14:55:42,363@tensorflow DEBUG # Falling back to TensorFlow client; we recommended you install the Cloud TPU client directly with pip install cloud-tpu-client.
2022-11-03 14:57:52,527@connect4_zero.manager INFO # config type: normal
2022-11-03 14:57:53,667@tensorflow DEBUG # Falling back to TensorFlow client; we recommended you install the Cloud TPU client directly with pip install cloud-tpu-client.
2022-11-03 14:58:18,425@connect4_zero.manager INFO # config type: normal
2022-11-03 14:58:19,894@tensorflow DEBUG # Falling back to TensorFlow client; we recommended you install the Cloud TPU client directly with pip install cloud-tpu-client.
2022-11-03 15:09:37,309@connect4_zero.manager INFO # config type: normal
2022-11-03 16:28:33,997@connect4_zero.manager INFO # config type: normal
2022-11-03 17:44:51,677@connect4_zero.manager INFO # config type: normal
2022-11-03 17:44:57,010@connect4_zero.agent.model_connect4 DEBUG # loading model from C:\Users\Checkout\Downloads\connect4-alpha-zero-master\data\model\model_best_config.json
2022-11-03 17:44:57,209@tensorflow WARNING # From C:\Users\Checkout\anaconda3\envs\connect4\lib\site-packages\keras\backend\tensorflow_backend.py:1188: calling reduce_sum (from tensorflow.python.ops.math_ops) with keep_dims is deprecated and will be removed in a future version.
Instructions for updating:
keep_dims is deprecated, use keepdims instead
2022-11-03 17:44:57,529@tensorflow WARNING # From C:\Users\Checkout\anaconda3\envs\connect4\lib\site-packages\keras\backend\tensorflow_backend.py:1205: calling reduce_prod (from tensorflow.python.ops.math_ops) with keep_dims is deprecated and will be removed in a future version.
Instructions for updating:
keep_dims is deprecated, use keepdims instead
2022-11-03 17:46:59,149@connect4_zero.manager INFO # config type: normal
2022-11-03 17:47:04,178@connect4_zero.agent.model_connect4 DEBUG # loading model from C:\Users\Checkout\Downloads\connect4-alpha-zero-master\data\model\model_best_config.json
2022-11-03 17:47:04,351@tensorflow WARNING # From C:\Users\Checkout\anaconda3\envs\connect4\lib\site-packages\keras\backend\tensorflow_backend.py:1188: calling reduce_sum (from tensorflow.python.ops.math_ops) with keep_dims is deprecated and will be removed in a future version.
Instructions for updating:
keep_dims is deprecated, use keepdims instead
2022-11-03 17:47:04,735@tensorflow WARNING # From C:\Users\Checkout\anaconda3\envs\connect4\lib\site-packages\keras\backend\tensorflow_backend.py:1205: calling reduce_prod (from tensorflow.python.ops.math_ops) with keep_dims is deprecated and will be removed in a future version.
Instructions for updating:
keep_dims is deprecated, use keepdims instead
2022-11-03 17:47:04,966@connect4_zero.agent.model_connect4 DEBUG # loaded model digest = 1e11d471bbb65d5e6189317dadb0a8c8750c7803b7709391d3f35496c40a9f27
2022-11-03 17:47:04,972@asyncio DEBUG # Using selector: SelectSelector
2022-11-03 17:47:18,974@connect4_zero.worker.self_play DEBUG # game 1 time=14.001373291015625 sec, turn=25:OOXXOXO XOXOX  OXOOX   OXXO   XXO    X     - Winner:Winner.white
2022-11-03 17:47:26,784@connect4_zero.worker.self_play DEBUG # game 2 time=7.8088538646698 sec, turn=18:XOXXOX  XOOOX  OOOX    XXO                 - Winner:Winner.black
2022-11-03 17:47:56,979@connect4_zero.worker.self_play DEBUG # game 3 time=30.195752143859863 sec, turn=42:OOXXOOXXXOOOXOOOOXXOOXXXOXXXXOOOXOXOXXXOXO - Winner:Winner.draw
2022-11-03 17:48:18,965@connect4_zero.worker.self_play DEBUG # game 4 time=21.98436141014099 sec, turn=33:XOXXOOOX OXXXXX OO OOO XX XOX OO XOX OX OX - Winner:Winner.white
2022-11-03 17:48:20,964@connect4_zero.worker.self_play DEBUG # game 5 time=1.9981582164764404 sec, turn=7:OXXXXO    O                                - Winner:Winner.white
2022-11-03 17:48:29,604@connect4_zero.worker.self_play DEBUG # game 6 time=8.6406409740448 sec, turn=17: OXOXO  OXXXX  OOOX   XX O                 - Winner:Winner.white
2022-11-03 17:48:36,100@connect4_zero.worker.self_play DEBUG # game 7 time=6.492130994796753 sec, turn=15:OXOXOO OXXXXO    O      X      X           - Winner:Winner.white
2022-11-03 17:48:46,279@connect4_zero.worker.self_play DEBUG # game 8 time=10.177297592163086 sec, turn=18:OXXXO XXXOOO  OOOOX     XX                 - Winner:Winner.black
2022-11-03 18:37:47,295@connect4_zero.manager INFO # config type: normal
2022-11-03 18:37:54,405@connect4_zero.agent.model_connect4 DEBUG # loading model from C:\Users\Checkout\Downloads\connect4-alpha-zero-master\data\model\model_best_config.json
2022-11-03 18:37:54,622@tensorflow WARNING # From C:\Users\Checkout\anaconda3\envs\connect4\lib\site-packages\keras\backend\tensorflow_backend.py:1188: calling reduce_sum (from tensorflow.python.ops.math_ops) with keep_dims is deprecated and will be removed in a future version.
Instructions for updating:
keep_dims is deprecated, use keepdims instead
2022-11-03 18:37:55,006@tensorflow WARNING # From C:\Users\Checkout\anaconda3\envs\connect4\lib\site-packages\keras\backend\tensorflow_backend.py:1205: calling reduce_prod (from tensorflow.python.ops.math_ops) with keep_dims is deprecated and will be removed in a future version.
Instructions for updating:
keep_dims is deprecated, use keepdims instead
2022-11-03 18:37:55,333@connect4_zero.agent.model_connect4 DEBUG # loaded model digest = 1e11d471bbb65d5e6189317dadb0a8c8750c7803b7709391d3f35496c40a9f27
2022-11-03 18:37:55,333@asyncio DEBUG # Using selector: SelectSelector
2022-11-03 18:38:03,898@connect4_zero.agent.player_connect4 DEBUG # continue thinking: policy move=(4, 0), value move=(0, 0)
2022-11-03 18:38:04,334@connect4_zero.play_game.game_model DEBUG # evaluation by ai=-0.26603728987874725
2022-11-03 18:38:12,971@connect4_zero.agent.player_connect4 DEBUG # continue thinking: policy move=(4, 0), value move=(1, 0)
2022-11-03 18:38:13,396@connect4_zero.play_game.game_model DEBUG # evaluation by ai=-0.4287673149968392
2022-11-03 18:38:21,752@connect4_zero.play_game.game_model DEBUG # evaluation by ai=0.4834279436237958
2022-11-03 18:38:30,732@connect4_zero.agent.player_connect4 DEBUG # continue thinking: policy move=(5, 0), value move=(4, 0)
2022-11-03 18:38:31,230@connect4_zero.play_game.game_model DEBUG # evaluation by ai=0.6151492451701659
2022-11-03 18:38:43,997@connect4_zero.play_game.game_model DEBUG # evaluation by ai=0.9440303835272789
2022-11-03 18:38:51,219@connect4_zero.play_game.game_model DEBUG # evaluation by ai=0.949939505940073
2022-11-03 18:39:03,166@connect4_zero.play_game.game_model DEBUG # evaluation by ai=0.9448103287816048
2022-11-03 18:39:10,583@connect4_zero.play_game.game_model DEBUG # evaluation by ai=0.9354981825287852
2022-11-03 18:39:13,632@connect4_zero.agent.player_connect4 DEBUG # continue thinking: policy move=(1, 0), value move=(5, 0)
2022-11-03 18:39:13,842@connect4_zero.play_game.game_model DEBUG # evaluation by ai=0.94166163372439
2022-11-03 18:39:30,870@connect4_zero.agent.player_connect4 DEBUG # continue thinking: policy move=(2, 0), value move=(5, 0)
2022-11-03 18:39:31,087@connect4_zero.play_game.game_model DEBUG # evaluation by ai=0.9979750570796785
2022-11-03 18:39:33,438@connect4_zero.play_game.game_model DEBUG # evaluation by ai=1.0
2022-11-17 16:07:37,347@connect4_zero.manager INFO # config type: normal
2022-11-17 16:07:45,438@connect4_zero.agent.model_connect4 DEBUG # loading model from C:\Users\Checkout\Downloads\connect4-alpha-zero-master\data\model\model_best_config.json
2022-11-17 16:07:45,564@tensorflow WARNING # From C:\Users\Checkout\anaconda3\envs\connect4\lib\site-packages\keras\backend\tensorflow_backend.py:1188: calling reduce_sum (from tensorflow.python.ops.math_ops) with keep_dims is deprecated and will be removed in a future version.
Instructions for updating:
keep_dims is deprecated, use keepdims instead
2022-11-17 16:07:45,826@tensorflow WARNING # From C:\Users\Checkout\anaconda3\envs\connect4\lib\site-packages\keras\backend\tensorflow_backend.py:1205: calling reduce_prod (from tensorflow.python.ops.math_ops) with keep_dims is deprecated and will be removed in a future version.
Instructions for updating:
keep_dims is deprecated, use keepdims instead
2022-11-17 16:07:46,001@connect4_zero.agent.model_connect4 DEBUG # loaded model digest = 1e11d471bbb65d5e6189317dadb0a8c8750c7803b7709391d3f35496c40a9f27
2022-11-17 16:07:46,001@asyncio DEBUG # Using selector: SelectSelector
2022-11-17 16:07:46,384@connect4_zero.agent.player_connect4 DEBUG # continue thinking: policy move=(3, 0), value move=(1, 0)
2022-11-17 16:07:46,684@connect4_zero.play_game.game_model DEBUG # evaluation by ai=0.3621747233877641
2022-11-17 16:07:58,011@connect4_zero.play_game.game_model DEBUG # evaluation by ai=0.9625127911567688
2022-11-17 16:08:01,143@connect4_zero.play_game.game_model DEBUG # evaluation by ai=0.9838957297997396
2022-11-17 16:08:13,724@connect4_zero.play_game.game_model DEBUG # evaluation by ai=0.9733119719815486
2022-11-17 16:08:18,277@connect4_zero.agent.player_connect4 DEBUG # continue thinking: policy move=(1, 0), value move=(0, 0)
2022-11-17 16:08:18,636@connect4_zero.play_game.game_model DEBUG # evaluation by ai=0.9891519065086658
2022-11-17 16:08:45,190@connect4_zero.play_game.game_model DEBUG # evaluation by ai=0.9989445181120009
2022-11-17 16:08:53,466@connect4_zero.agent.player_connect4 DEBUG # continue thinking: policy move=(1, 0), value move=(0, 0)
2022-11-17 16:08:53,821@connect4_zero.play_game.game_model DEBUG # evaluation by ai=0.9338553045925341
2022-11-17 16:09:02,445@connect4_zero.agent.player_connect4 DEBUG # continue thinking: policy move=(5, 0), value move=(6, 0)
2022-11-17 16:09:02,863@connect4_zero.play_game.game_model DEBUG # evaluation by ai=0.9614492782669934
2022-11-17 16:09:22,798@connect4_zero.play_game.game_model DEBUG # evaluation by ai=0.9921926004546029
2022-11-17 16:31:47,435@connect4_zero.manager INFO # config type: normal
2022-11-17 16:31:50,958@connect4_zero.agent.model_connect4 DEBUG # loading model from C:\Users\Checkout\Downloads\connect4-alpha-zero-master\data\model\model_best_config.json
2022-11-17 16:31:51,079@tensorflow WARNING # From C:\Users\Checkout\anaconda3\envs\connect4\lib\site-packages\keras\backend\tensorflow_backend.py:1188: calling reduce_sum (from tensorflow.python.ops.math_ops) with keep_dims is deprecated and will be removed in a future version.
Instructions for updating:
keep_dims is deprecated, use keepdims instead
2022-11-17 16:31:51,352@tensorflow WARNING # From C:\Users\Checkout\anaconda3\envs\connect4\lib\site-packages\keras\backend\tensorflow_backend.py:1205: calling reduce_prod (from tensorflow.python.ops.math_ops) with keep_dims is deprecated and will be removed in a future version.
Instructions for updating:
keep_dims is deprecated, use keepdims instead
2022-11-17 16:31:51,544@connect4_zero.agent.model_connect4 DEBUG # loaded model digest = 1e11d471bbb65d5e6189317dadb0a8c8750c7803b7709391d3f35496c40a9f27
2022-11-17 16:31:51,544@asyncio DEBUG # Using selector: SelectSelector
2022-11-17 16:31:59,494@connect4_zero.agent.player_connect4 DEBUG # continue thinking: policy move=(4, 0), value move=(0, 0)
2022-11-17 16:31:59,799@connect4_zero.play_game.game_model DEBUG # evaluation by ai=0.08178767412900925
